<?xml version="1.0" encoding="UTF-8"?>
<!-- Generated by org.testng.reporters.JUnitReportReporter -->
<testsuite hostname="ESKW190662" failures="0" tests="1" name="Scripts.Demo" time="0.028" errors="0" timestamp="2023-09-07T20:29:57 IST" skipped="0">
  <testcase classname="Scripts.Demo" name="demo" time="0.028"/>
</testsuite> <!-- Scripts.Demo -->
