<?xml version="1.0" encoding="UTF-8"?>
<!-- Generated by org.testng.reporters.JUnitReportReporter -->
<testsuite hostname="ESKW190662" failures="0" tests="1" name="scripts.TestCase1" time="31.497" errors="0" timestamp="2023-09-06T19:28:03 IST" skipped="0">
  <testcase classname="scripts.TestCase1" name="tc1" time="31.497"/>
</testsuite> <!-- scripts.TestCase1 -->
