<?xml version="1.0" encoding="UTF-8"?>
<!-- Generated by org.testng.reporters.JUnitReportReporter -->
<testsuite hostname="ESKW190662" failures="0" tests="1" name="scripts.TestCase2" time="34.811" errors="0" timestamp="2023-09-06T20:27:37 IST" skipped="0">
  <testcase classname="scripts.TestCase2" name="tc2" time="34.811"/>
</testsuite> <!-- scripts.TestCase2 -->
